<?xml version="1.0" encoding="UTF-8"?>
<!-- Generated by org.testng.reporters.JUnitXMLReporter -->
<testsuite hostname="BRILAP3333" ignored="0" name="RegressionTest" tests="3" failures="0" timestamp="23 Dec 2021 05:06:21 GMT" time="46.96" errors="0">
  <testcase name="googleSearch" time="9.709" classname="homeTest.RegressionPack"/>
  <testcase name="bingSearch" time="11.59" classname="homeTest.RegressionPack"/>
  <testcase name="yahooSearch" time="16.917" classname="homeTest.RegressionPack"/>
</testsuite> <!-- RegressionTest -->
