<?xml version="1.0" encoding="UTF-8"?>
<!-- Generated by org.testng.reporters.JUnitXMLReporter -->
<testsuite hostname="BRILAP3333" ignored="0" name="RegressionTest" tests="3" failures="0" timestamp="04 Jan 2022 09:46:07 GMT" time="55.774" errors="0">
  <testcase name="googleSearch" time="10.083" classname="homeTest.RegressionPack"/>
  <testcase name="bingSearch" time="15.898" classname="homeTest.RegressionPack"/>
  <testcase name="yahooSearch" time="17.727" classname="homeTest.RegressionPack"/>
</testsuite> <!-- RegressionTest -->
