<?xml version="1.0" encoding="UTF-8"?>
<testng-results skipped="0" failed="0" ignored="0" total="2" passed="2">
  <reporter-output>
  </reporter-output>
  <suite name="Suite" duration-ms="97084" started-at="2022-01-06T05:48:35Z" finished-at="2022-01-06T05:50:12Z">
    <groups>
    </groups>
    <test name="Test" duration-ms="97084" started-at="2022-01-06T05:48:35Z" finished-at="2022-01-06T05:50:12Z">
      <class name="homeTest.BingSearchTC">
        <test-method status="PASS" signature="beforeSuite()[pri:0, instance:homeTest.BingSearchTC@23d2a7e8]" name="beforeSuite" is-config="true" duration-ms="177" started-at="2022-01-06T05:48:34Z" finished-at="2022-01-06T05:48:35Z">
          <reporter-output>
          </reporter-output>
        </test-method> <!-- beforeSuite -->
        <test-method status="PASS" signature="setUp(java.lang.String, java.lang.String, org.testng.ITestContext)[pri:0, instance:homeTest.BingSearchTC@23d2a7e8]" name="setUp" is-config="true" duration-ms="8296" started-at="2022-01-06T05:48:35Z" finished-at="2022-01-06T05:48:43Z">
          <params>
            <param index="0">
              <value>
                <![CDATA[chrome]]>
              </value>
            </param>
            <param index="1">
              <value>
                <![CDATA[bing]]>
              </value>
            </param>
            <param index="2">
              <value>
                <![CDATA[org.testng.TestRunner@3d4e405e]]>
              </value>
            </param>
          </params>
          <reporter-output>
          </reporter-output>
        </test-method> <!-- setUp -->
        <test-method status="PASS" signature="initialize()[pri:0, instance:homeTest.BingSearchTC@23d2a7e8]" name="initialize" is-config="true" duration-ms="960" started-at="2022-01-06T05:48:43Z" finished-at="2022-01-06T05:48:44Z">
          <reporter-output>
          </reporter-output>
        </test-method> <!-- initialize -->
        <test-method status="PASS" signature="bingSearcAllh()[pri:0, instance:homeTest.BingSearchTC@23d2a7e8]" name="bingSearcAllh" duration-ms="74174" started-at="2022-01-06T05:48:44Z" finished-at="2022-01-06T05:49:58Z">
          <reporter-output>
          </reporter-output>
        </test-method> <!-- bingSearcAllh -->
        <test-method status="PASS" signature="initialize()[pri:0, instance:homeTest.BingSearchTC@23d2a7e8]" name="initialize" is-config="true" duration-ms="74" started-at="2022-01-06T05:49:58Z" finished-at="2022-01-06T05:49:58Z">
          <reporter-output>
          </reporter-output>
        </test-method> <!-- initialize -->
        <test-method status="PASS" signature="bingSearch()[pri:0, instance:homeTest.BingSearchTC@23d2a7e8]" name="bingSearch" duration-ms="12247" started-at="2022-01-06T05:49:58Z" finished-at="2022-01-06T05:50:10Z">
          <reporter-output>
          </reporter-output>
        </test-method> <!-- bingSearch -->
        <test-method status="PASS" signature="afterMethod()[pri:0, instance:homeTest.BingSearchTC@23d2a7e8]" name="afterMethod" is-config="true" duration-ms="1314" started-at="2022-01-06T05:50:10Z" finished-at="2022-01-06T05:50:12Z">
          <reporter-output>
          </reporter-output>
        </test-method> <!-- afterMethod -->
        <test-method status="PASS" signature="tearDown()[pri:0, instance:homeTest.BingSearchTC@23d2a7e8]" name="tearDown" is-config="true" duration-ms="208" started-at="2022-01-06T05:50:12Z" finished-at="2022-01-06T05:50:12Z">
          <reporter-output>
          </reporter-output>
        </test-method> <!-- tearDown -->
      </class> <!-- homeTest.BingSearchTC -->
    </test> <!-- Test -->
  </suite> <!-- Suite -->
</testng-results>
